# JRE version: Java(TM) SE Runtime Environment (8.0_151-b12) (build 1.8.0_151-b12)
# Java VM: Java HotSpot(TM) 64-Bit Server VM (25.151-b12 mixed mode windows-amd64 compressed oops)
Heap:
 PSYoungGen      total 72192K, used 71776K [0x00000000d5a00000, 0x00000000dbf80000, 0x0000000100000000)
  eden space 64512K, 100% used [0x00000000d5a00000,0x00000000d9900000,0x00000000d9900000)
  from space 7680K, 94% used [0x00000000d9900000,0x00000000da018118,0x00000000da080000)
  to   space 8192K, 75% used [0x00000000db780000,0x00000000dbd94030,0x00000000dbf80000)
 ParOldGen       total 56832K, used 7197K [0x0000000080e00000, 0x0000000084580000, 0x00000000d5a00000)
  object space 56832K, 12% used [0x0000000080e00000,0x00000000815077c0,0x0000000084580000)
 Metaspace       used 29421K, capacity 30302K, committed 30336K, reserved 1075200K
  class space    used 3764K, capacity 3945K, committed 3968K, reserved 1048576K
GC Heap History (10 events):
Event: 3.031 GC heap after
Heap after GC invocations=4 (full 0):
 PSYoungGen      total 38400K, used 5097K [0x00000000d5a00000, 0x00000000d8480000, 0x0000000100000000)
  eden space 33280K, 0% used [0x00000000d5a00000,0x00000000d5a00000,0x00000000d7a80000)
  from space 5120K, 99% used [0x00000000d7f80000,0x00000000d847a5a0,0x00000000d8480000)
  to   space 5120K, 0% used [0x00000000d7a80000,0x00000000d7a80000,0x00000000d7f80000)
 ParOldGen       total 87552K, used 2006K [0x0000000080e00000, 0x0000000086380000, 0x00000000d5a00000)
  object space 87552K, 2% used [0x0000000080e00000,0x0000000080ff5b98,0x0000000086380000)
 Metaspace       used 17772K, capacity 18334K, committed 18432K, reserved 1064960K
  class space    used 2324K, capacity 2493K, committed 2560K, reserved 1048576K
}
Event: 3.336 GC heap before
{Heap before GC invocations=5 (full 0):
 PSYoungGen      total 38400K, used 28629K [0x00000000d5a00000, 0x00000000d8480000, 0x0000000100000000)
  eden space 33280K, 70% used [0x00000000d5a00000,0x00000000d70faf78,0x00000000d7a80000)
  from space 5120K, 99% used [0x00000000d7f80000,0x00000000d847a5a0,0x00000000d8480000)
  to   space 5120K, 0% used [0x00000000d7a80000,0x00000000d7a80000,0x00000000d7f80000)
 ParOldGen       total 87552K, used 2006K [0x0000000080e00000, 0x0000000086380000, 0x00000000d5a00000)
  object space 87552K, 2% used [0x0000000080e00000,0x0000000080ff5b98,0x0000000086380000)
 Metaspace       used 20543K, capacity 21186K, committed 21248K, reserved 1067008K
  class space    used 2641K, capacity 2811K, committed 2816K, reserved 1048576K
Event: 3.341 GC heap after
Heap after GC invocations=5 (full 0):
 PSYoungGen      total 38400K, used 5116K [0x00000000d5a00000, 0x00000000dab00000, 0x0000000100000000)
  eden space 33280K, 0% used [0x00000000d5a00000,0x00000000d5a00000,0x00000000d7a80000)
  from space 5120K, 99% used [0x00000000d7a80000,0x00000000d7f7f2c8,0x00000000d7f80000)
  to   space 8192K, 0% used [0x00000000da300000,0x00000000da300000,0x00000000dab00000)
 ParOldGen       total 87552K, used 4158K [0x0000000080e00000, 0x0000000086380000, 0x00000000d5a00000)
  object space 87552K, 4% used [0x0000000080e00000,0x000000008120fbc8,0x0000000086380000)
 Metaspace       used 20543K, capacity 21186K, committed 21248K, reserved 1067008K
  class space    used 2641K, capacity 2811K, committed 2816K, reserved 1048576K
}
Event: 3.341 GC heap before
{Heap before GC invocations=6 (full 1):
 PSYoungGen      total 38400K, used 5116K [0x00000000d5a00000, 0x00000000dab00000, 0x0000000100000000)
  eden space 33280K, 0% used [0x00000000d5a00000,0x00000000d5a00000,0x00000000d7a80000)
  from space 5120K, 99% used [0x00000000d7a80000,0x00000000d7f7f2c8,0x00000000d7f80000)
  to   space 8192K, 0% used [0x00000000da300000,0x00000000da300000,0x00000000dab00000)
 ParOldGen       total 87552K, used 4158K [0x0000000080e00000, 0x0000000086380000, 0x00000000d5a00000)
  object space 87552K, 4% used [0x0000000080e00000,0x000000008120fbc8,0x0000000086380000)
 Metaspace       used 20543K, capacity 21186K, committed 21248K, reserved 1067008K
  class space    used 2641K, capacity 2811K, committed 2816K, reserved 1048576K
Event: 3.366 GC heap after
Heap after GC invocations=6 (full 1):
 PSYoungGen      total 38400K, used 0K [0x00000000d5a00000, 0x00000000dab00000, 0x0000000100000000)
  eden space 33280K, 0% used [0x00000000d5a00000,0x00000000d5a00000,0x00000000d7a80000)
  from space 5120K, 0% used [0x00000000d7a80000,0x00000000d7a80000,0x00000000d7f80000)
  to   space 8192K, 0% used [0x00000000da300000,0x00000000da300000,0x00000000dab00000)
 ParOldGen       total 56832K, used 7117K [0x0000000080e00000, 0x0000000084580000, 0x00000000d5a00000)
  object space 56832K, 12% used [0x0000000080e00000,0x00000000814f37b0,0x0000000084580000)
 Metaspace       used 20543K, capacity 21186K, committed 21248K, reserved 1067008K
  class space    used 2641K, capacity 2811K, committed 2816K, reserved 1048576K
}
Event: 3.738 GC heap before
{Heap before GC invocations=7 (full 1):
 PSYoungGen      total 38400K, used 33280K [0x00000000d5a00000, 0x00000000dab00000, 0x0000000100000000)
  eden space 33280K, 100% used [0x00000000d5a00000,0x00000000d7a80000,0x00000000d7a80000)
  from space 5120K, 0% used [0x00000000d7a80000,0x00000000d7a80000,0x00000000d7f80000)
  to   space 8192K, 0% used [0x00000000da300000,0x00000000da300000,0x00000000dab00000)
 ParOldGen       total 56832K, used 7117K [0x0000000080e00000, 0x0000000084580000, 0x00000000d5a00000)
  object space 56832K, 12% used [0x0000000080e00000,0x00000000814f37b0,0x0000000084580000)
 Metaspace       used 22875K, capacity 23552K, committed 23680K, reserved 1069056K
  class space    used 2952K, capacity 3128K, committed 3200K, reserved 1048576K
Event: 3.745 GC heap after
Heap after GC invocations=7 (full 1):
 PSYoungGen      total 59392K, used 4831K [0x00000000d5a00000, 0x00000000da800000, 0x0000000100000000)
  eden space 54272K, 0% used [0x00000000d5a00000,0x00000000d5a00000,0x00000000d8f00000)
  from space 5120K, 94% used [0x00000000da300000,0x00000000da7b7c28,0x00000000da800000)
  to   space 7680K, 0% used [0x00000000d9900000,0x00000000d9900000,0x00000000da080000)
 ParOldGen       total 56832K, used 7117K [0x0000000080e00000, 0x0000000084580000, 0x00000000d5a00000)
  object space 56832K, 12% used [0x0000000080e00000,0x00000000814f37b0,0x0000000084580000)
 Metaspace       used 22875K, capacity 23552K, committed 23680K, reserved 1069056K
  class space    used 2952K, capacity 3128K, committed 3200K, reserved 1048576K
}
Event: 4.535 GC heap before
{Heap before GC invocations=8 (full 1):
 PSYoungGen      total 59392K, used 59103K [0x00000000d5a00000, 0x00000000da800000, 0x0000000100000000)
  eden space 54272K, 100% used [0x00000000d5a00000,0x00000000d8f00000,0x00000000d8f00000)
  from space 5120K, 94% used [0x00000000da300000,0x00000000da7b7c28,0x00000000da800000)
  to   space 7680K, 0% used [0x00000000d9900000,0x00000000d9900000,0x00000000da080000)
 ParOldGen       total 56832K, used 7117K [0x0000000080e00000, 0x0000000084580000, 0x00000000d5a00000)
  object space 56832K, 12% used [0x0000000080e00000,0x00000000814f37b0,0x0000000084580000)
 Metaspace       used 26125K, capacity 26890K, committed 27136K, reserved 1073152K
  class space    used 3358K, capacity 3547K, committed 3584K, reserved 1048576K
Event: 4.541 GC heap after
Heap after GC invocations=8 (full 1):
 PSYoungGen      total 72192K, used 7264K [0x00000000d5a00000, 0x00000000dbf80000, 0x0000000100000000)
  eden space 64512K, 0% used [0x00000000d5a00000,0x00000000d5a00000,0x00000000d9900000)
  from space 7680K, 94% used [0x00000000d9900000,0x00000000da018118,0x00000000da080000)
  to   space 8192K, 0% used [0x00000000db780000,0x00000000db780000,0x00000000dbf80000)
 ParOldGen       total 56832K, used 7189K [0x0000000080e00000, 0x0000000084580000, 0x00000000d5a00000)
  object space 56832K, 12% used [0x0000000080e00000,0x00000000815057c0,0x0000000084580000)
 Metaspace       used 26125K, capacity 26890K, committed 27136K, reserved 1073152K
  class space    used 3358K, capacity 3547K, committed 3584K, reserved 1048576K
}
Event: 5.462 GC heap before
{Heap before GC invocations=9 (full 1):
 PSYoungGen      total 72192K, used 71776K [0x00000000d5a00000, 0x00000000dbf80000, 0x0000000100000000)
  eden space 64512K, 100% used [0x00000000d5a00000,0x00000000d9900000,0x00000000d9900000)
  from space 7680K, 94% used [0x00000000d9900000,0x00000000da018118,0x00000000da080000)
  to   space 8192K, 0% used [0x00000000db780000,0x00000000db780000,0x00000000dbf80000)
 ParOldGen       total 56832K, used 7189K [0x0000000080e00000, 0x0000000084580000, 0x00000000d5a00000)
  object space 56832K, 12% used [0x0000000080e00000,0x00000000815057c0,0x0000000084580000)
 Metaspace       used 29421K, capacity 30302K, committed 30336K, reserved 1075200K
  class space    used 3764K, capacity 3945K, committed 3968K, reserved 1048576K

